<?xml version="1.0" encoding="UTF-8"?>
<testng-results ignored="0" total="1" passed="1" failed="0" skipped="0">
  <reporter-output>
  </reporter-output>
  <suite started-at="2024-05-28T11:40:29 IST" name="Surefire suite" finished-at="2024-05-28T11:42:06 IST" duration-ms="96812">
    <groups>
    </groups>
    <test started-at="2024-05-28T11:40:29 IST" name="Surefire test" finished-at="2024-05-28T11:42:06 IST" duration-ms="96812">
      <class name="com.Shopperstack_testScripts.Verify_user_is_able_to_add_address_or_not_Test">
        <test-method is-config="true" signature="beforeSuite()[pri:0, instance:com.Shopperstack_testScripts.Verify_user_is_able_to_add_address_or_not_Test@48aaecc3]" started-at="2024-05-28T11:40:29 IST" name="beforeSuite" finished-at="2024-05-28T11:40:29 IST" duration-ms="18" status="PASS">
          <reporter-output>
          </reporter-output>
        </test-method> <!-- beforeSuite -->
        <test-method is-config="true" signature="beforeTest()[pri:0, instance:com.Shopperstack_testScripts.Verify_user_is_able_to_add_address_or_not_Test@48aaecc3]" started-at="2024-05-28T11:40:29 IST" name="beforeTest" finished-at="2024-05-28T11:40:29 IST" duration-ms="0" status="PASS">
          <reporter-output>
          </reporter-output>
        </test-method> <!-- beforeTest -->
        <test-method is-config="true" signature="beforeClass()[pri:0, instance:com.Shopperstack_testScripts.Verify_user_is_able_to_add_address_or_not_Test@48aaecc3]" started-at="2024-05-28T11:40:29 IST" name="beforeClass" finished-at="2024-05-28T11:41:19 IST" duration-ms="49687" status="PASS">
          <reporter-output>
          </reporter-output>
        </test-method> <!-- beforeClass -->
        <test-method is-config="true" signature="beforeMethod()[pri:0, instance:com.Shopperstack_testScripts.Verify_user_is_able_to_add_address_or_not_Test@48aaecc3]" started-at="2024-05-28T11:41:19 IST" name="beforeMethod" finished-at="2024-05-28T11:41:34 IST" duration-ms="14649" status="PASS">
          <reporter-output>
          </reporter-output>
        </test-method> <!-- beforeMethod -->
        <test-method signature="addAddress()[pri:0, instance:com.Shopperstack_testScripts.Verify_user_is_able_to_add_address_or_not_Test@48aaecc3]" started-at="2024-05-28T11:41:34 IST" name="addAddress" finished-at="2024-05-28T11:41:47 IST" duration-ms="13305" status="PASS">
          <reporter-output>
          </reporter-output>
        </test-method> <!-- addAddress -->
        <test-method is-config="true" signature="afterMethod()[pri:0, instance:com.Shopperstack_testScripts.Verify_user_is_able_to_add_address_or_not_Test@48aaecc3]" started-at="2024-05-28T11:41:47 IST" name="afterMethod" finished-at="2024-05-28T11:41:48 IST" duration-ms="551" status="PASS">
          <reporter-output>
          </reporter-output>
        </test-method> <!-- afterMethod -->
        <test-method is-config="true" signature="afterClass()[pri:0, instance:com.Shopperstack_testScripts.Verify_user_is_able_to_add_address_or_not_Test@48aaecc3]" started-at="2024-05-28T11:41:48 IST" name="afterClass" finished-at="2024-05-28T11:42:06 IST" duration-ms="18005" status="PASS">
          <reporter-output>
          </reporter-output>
        </test-method> <!-- afterClass -->
        <test-method is-config="true" signature="afterTest()[pri:0, instance:com.Shopperstack_testScripts.Verify_user_is_able_to_add_address_or_not_Test@48aaecc3]" started-at="2024-05-28T11:42:06 IST" name="afterTest" finished-at="2024-05-28T11:42:06 IST" duration-ms="4" status="PASS">
          <reporter-output>
          </reporter-output>
        </test-method> <!-- afterTest -->
        <test-method is-config="true" signature="afterSuite()[pri:0, instance:com.Shopperstack_testScripts.Verify_user_is_able_to_add_address_or_not_Test@48aaecc3]" started-at="2024-05-28T11:42:06 IST" name="afterSuite" finished-at="2024-05-28T11:42:06 IST" duration-ms="1" status="PASS">
          <reporter-output>
          </reporter-output>
        </test-method> <!-- afterSuite -->
      </class> <!-- com.Shopperstack_testScripts.Verify_user_is_able_to_add_address_or_not_Test -->
    </test> <!-- Surefire test -->
  </suite> <!-- Surefire suite -->
</testng-results>
